{"/Users/naoto.kato/Develop/otolab/coeiro-operator/src/say/audio-player.ts": {"path":"/Users/naoto.kato/Develop/otolab/coeiro-operator/src/say/audio-player.ts","statementMap":{"0":{"start":{"line":11,"column":41},"end":{"line":11,"column":45}},"1":{"start":{"line":14,"column":8},"end":{"line":22,"column":9}},"2":{"start":{"line":16,"column":12},"end":{"line":16,"column":64}},"3":{"start":{"line":17,"column":12},"end":{"line":17,"column":40}},"4":{"start":{"line":18,"column":12},"end":{"line":18,"column":24}},"5":{"start":{"line":20,"column":12},"end":{"line":20,"column":72}},"6":{"start":{"line":21,"column":12},"end":{"line":21,"column":25}},"7":{"start":{"line":29,"column":8},"end":{"line":34,"column":9}},"8":{"start":{"line":30,"column":32},"end":{"line":30,"column":60}},"9":{"start":{"line":31,"column":12},"end":{"line":31,"column":61}},"10":{"start":{"line":33,"column":12},"end":{"line":33,"column":68}},"11":{"start":{"line":41,"column":8},"end":{"line":59,"column":9}},"12":{"start":{"line":42,"column":29},"end":{"line":42,"column":87}},"13":{"start":{"line":44,"column":12},"end":{"line":44,"column":76}},"14":{"start":{"line":46,"column":32},"end":{"line":46,"column":60}},"15":{"start":{"line":49,"column":12},"end":{"line":53,"column":15}},"16":{"start":{"line":50,"column":16},"end":{"line":52,"column":25}},"17":{"start":{"line":51,"column":20},"end":{"line":51,"column":53}},"18":{"start":{"line":55,"column":12},"end":{"line":55,"column":31}},"19":{"start":{"line":58,"column":12},"end":{"line":58,"column":66}},"20":{"start":{"line":66,"column":24},"end":{"line":66,"column":61}},"21":{"start":{"line":68,"column":8},"end":{"line":75,"column":9}},"22":{"start":{"line":69,"column":12},"end":{"line":74,"column":13}},"23":{"start":{"line":70,"column":16},"end":{"line":70,"column":62}},"24":{"start":{"line":71,"column":16},"end":{"line":71,"column":30}},"25":{"start":{"line":73,"column":16},"end":{"line":73,"column":25}},"26":{"start":{"line":77,"column":8},"end":{"line":77,"column":24}},"27":{"start":{"line":84,"column":8},"end":{"line":88,"column":9}},"28":{"start":{"line":85,"column":12},"end":{"line":85,"column":66}},"29":{"start":{"line":87,"column":12},"end":{"line":87,"column":72}},"30":{"start":{"line":95,"column":21},"end":{"line":95,"column":44}},"31":{"start":{"line":98,"column":8},"end":{"line":100,"column":9}},"32":{"start":{"line":99,"column":12},"end":{"line":99,"column":48}},"33":{"start":{"line":102,"column":25},"end":{"line":102,"column":27}},"34":{"start":{"line":103,"column":8},"end":{"line":114,"column":9}},"35":{"start":{"line":104,"column":30},"end":{"line":104,"column":63}},"36":{"start":{"line":105,"column":30},"end":{"line":105,"column":66}},"37":{"start":{"line":107,"column":12},"end":{"line":111,"column":13}},"38":{"start":{"line":109,"column":32},"end":{"line":109,"column":91}},"39":{"start":{"line":110,"column":16},"end":{"line":110,"column":47}},"40":{"start":{"line":113,"column":12},"end":{"line":113,"column":40}},"41":{"start":{"line":116,"column":8},"end":{"line":116,"column":52}},"42":{"start":{"line":125,"column":23},"end":{"line":125,"column":46}},"43":{"start":{"line":127,"column":8},"end":{"line":135,"column":9}},"44":{"start":{"line":128,"column":12},"end":{"line":134,"column":13}},"45":{"start":{"line":128,"column":25},"end":{"line":128,"column":26}},"46":{"start":{"line":129,"column":31},"end":{"line":129,"column":55}},"47":{"start":{"line":130,"column":32},"end":{"line":130,"column":66}},"48":{"start":{"line":131,"column":36},"end":{"line":131,"column":63}},"49":{"start":{"line":132,"column":16},"end":{"line":132,"column":47}},"50":{"start":{"line":133,"column":16},"end":{"line":133,"column":58}},"51":{"start":{"line":137,"column":8},"end":{"line":137,"column":22}},"52":{"start":{"line":144,"column":8},"end":{"line":171,"column":11}},"53":{"start":{"line":145,"column":40},"end":{"line":147,"column":14}},"54":{"start":{"line":149,"column":25},"end":{"line":149,"column":27}},"55":{"start":{"line":150,"column":25},"end":{"line":150,"column":27}},"56":{"start":{"line":152,"column":12},"end":{"line":154,"column":15}},"57":{"start":{"line":153,"column":16},"end":{"line":153,"column":42}},"58":{"start":{"line":156,"column":12},"end":{"line":158,"column":15}},"59":{"start":{"line":157,"column":16},"end":{"line":157,"column":42}},"60":{"start":{"line":160,"column":12},"end":{"line":166,"column":15}},"61":{"start":{"line":161,"column":16},"end":{"line":165,"column":17}},"62":{"start":{"line":162,"column":20},"end":{"line":162,"column":43}},"63":{"start":{"line":164,"column":20},"end":{"line":164,"column":85}},"64":{"start":{"line":168,"column":12},"end":{"line":170,"column":15}},"65":{"start":{"line":169,"column":16},"end":{"line":169,"column":79}}},"fnMap":{"0":{"name":"(anonymous_0)","decl":{"start":{"line":13,"column":4},"end":{"line":13,"column":9}},"loc":{"start":{"line":13,"column":20},"end":{"line":23,"column":5}}},"1":{"name":"(anonymous_1)","decl":{"start":{"line":28,"column":4},"end":{"line":28,"column":9}},"loc":{"start":{"line":28,"column":41},"end":{"line":35,"column":5}}},"2":{"name":"(anonymous_2)","decl":{"start":{"line":40,"column":4},"end":{"line":40,"column":9}},"loc":{"start":{"line":40,"column":50},"end":{"line":60,"column":5}}},"3":{"name":"(anonymous_3)","decl":{"start":{"line":49,"column":32},"end":{"line":49,"column":35}},"loc":{"start":{"line":49,"column":37},"end":{"line":53,"column":13}}},"4":{"name":"(anonymous_4)","decl":{"start":{"line":50,"column":27},"end":{"line":50,"column":30}},"loc":{"start":{"line":50,"column":32},"end":{"line":52,"column":17}}},"5":{"name":"(anonymous_5)","decl":{"start":{"line":51,"column":43},"end":{"line":51,"column":46}},"loc":{"start":{"line":51,"column":48},"end":{"line":51,"column":51}}},"6":{"name":"(anonymous_6)","decl":{"start":{"line":65,"column":4},"end":{"line":65,"column":25}},"loc":{"start":{"line":65,"column":25},"end":{"line":78,"column":5}}},"7":{"name":"(anonymous_7)","decl":{"start":{"line":83,"column":4},"end":{"line":83,"column":9}},"loc":{"start":{"line":83,"column":64},"end":{"line":89,"column":5}}},"8":{"name":"(anonymous_8)","decl":{"start":{"line":94,"column":4},"end":{"line":94,"column":21}},"loc":{"start":{"line":94,"column":44},"end":{"line":117,"column":5}}},"9":{"name":"(anonymous_9)","decl":{"start":{"line":122,"column":4},"end":{"line":122,"column":18}},"loc":{"start":{"line":122,"column":62},"end":{"line":138,"column":5}}},"10":{"name":"(anonymous_10)","decl":{"start":{"line":143,"column":12},"end":{"line":143,"column":17}},"loc":{"start":{"line":143,"column":61},"end":{"line":172,"column":5}}},"11":{"name":"(anonymous_11)","decl":{"start":{"line":144,"column":27},"end":{"line":144,"column":28}},"loc":{"start":{"line":144,"column":47},"end":{"line":171,"column":9}}},"12":{"name":"(anonymous_12)","decl":{"start":{"line":152,"column":37},"end":{"line":152,"column":38}},"loc":{"start":{"line":152,"column":46},"end":{"line":154,"column":13}}},"13":{"name":"(anonymous_13)","decl":{"start":{"line":156,"column":37},"end":{"line":156,"column":38}},"loc":{"start":{"line":156,"column":46},"end":{"line":158,"column":13}}},"14":{"name":"(anonymous_14)","decl":{"start":{"line":160,"column":30},"end":{"line":160,"column":31}},"loc":{"start":{"line":160,"column":39},"end":{"line":166,"column":13}}},"15":{"name":"(anonymous_15)","decl":{"start":{"line":168,"column":30},"end":{"line":168,"column":31}},"loc":{"start":{"line":168,"column":38},"end":{"line":170,"column":13}}}},"branchMap":{"0":{"loc":{"start":{"line":98,"column":8},"end":{"line":100,"column":9}},"type":"if","locations":[{"start":{"line":98,"column":8},"end":{"line":100,"column":9}},{"start":{},"end":{}}]},"1":{"loc":{"start":{"line":107,"column":12},"end":{"line":111,"column":13}},"type":"if","locations":[{"start":{"line":107,"column":12},"end":{"line":111,"column":13}},{"start":{},"end":{}}]},"2":{"loc":{"start":{"line":127,"column":8},"end":{"line":135,"column":9}},"type":"if","locations":[{"start":{"line":127,"column":8},"end":{"line":135,"column":9}},{"start":{},"end":{}}]},"3":{"loc":{"start":{"line":127,"column":12},"end":{"line":127,"column":69}},"type":"binary-expr","locations":[{"start":{"line":127,"column":12},"end":{"line":127,"column":30}},{"start":{"line":127,"column":34},"end":{"line":127,"column":69}}]},"4":{"loc":{"start":{"line":161,"column":16},"end":{"line":165,"column":17}},"type":"if","locations":[{"start":{"line":161,"column":16},"end":{"line":165,"column":17}},{"start":{"line":163,"column":23},"end":{"line":165,"column":17}}]}},"s":{"0":0,"1":0,"2":0,"3":0,"4":0,"5":0,"6":0,"7":0,"8":0,"9":0,"10":0,"11":0,"12":0,"13":0,"14":0,"15":0,"16":0,"17":0,"18":0,"19":0,"20":0,"21":0,"22":0,"23":0,"24":0,"25":0,"26":0,"27":0,"28":0,"29":0,"30":0,"31":0,"32":0,"33":0,"34":0,"35":0,"36":0,"37":0,"38":0,"39":0,"40":0,"41":0,"42":0,"43":0,"44":0,"45":0,"46":0,"47":0,"48":0,"49":0,"50":0,"51":0,"52":0,"53":0,"54":0,"55":0,"56":0,"57":0,"58":0,"59":0,"60":0,"61":0,"62":0,"63":0,"64":0,"65":0},"f":{"0":0,"1":0,"2":0,"3":0,"4":0,"5":0,"6":0,"7":0,"8":0,"9":0,"10":0,"11":0,"12":0,"13":0,"14":0,"15":0},"b":{"0":[0,0],"1":[0,0],"2":[0,0],"3":[0,0],"4":[0,0]}}
,"/Users/naoto.kato/Develop/otolab/coeiro-operator/src/say/audio-synthesizer.ts": {"path":"/Users/naoto.kato/Develop/otolab/coeiro-operator/src/say/audio-synthesizer.ts","statementMap":{"0":{"start":{"line":15,"column":36},"end":{"line":22,"column":2}},"1":{"start":{"line":25,"column":24},"end":{"line":25,"column":38}},"2":{"start":{"line":31,"column":20},"end":{"line":31,"column":80}},"3":{"start":{"line":33,"column":8},"end":{"line":40,"column":9}},"4":{"start":{"line":34,"column":29},"end":{"line":36,"column":14}},"5":{"start":{"line":37,"column":12},"end":{"line":37,"column":31}},"6":{"start":{"line":39,"column":12},"end":{"line":39,"column":25}},"7":{"start":{"line":47,"column":20},"end":{"line":47,"column":80}},"8":{"start":{"line":49,"column":8},"end":{"line":71,"column":9}},"9":{"start":{"line":50,"column":29},"end":{"line":52,"column":14}},"10":{"start":{"line":54,"column":12},"end":{"line":56,"column":13}},"11":{"start":{"line":55,"column":16},"end":{"line":55,"column":59}},"12":{"start":{"line":58,"column":29},"end":{"line":58,"column":50}},"13":{"start":{"line":59,"column":12},"end":{"line":59,"column":45}},"14":{"start":{"line":61,"column":12},"end":{"line":66,"column":15}},"15":{"start":{"line":62,"column":16},"end":{"line":62,"column":78}},"16":{"start":{"line":63,"column":16},"end":{"line":65,"column":19}},"17":{"start":{"line":64,"column":20},"end":{"line":64,"column":80}},"18":{"start":{"line":68,"column":12},"end":{"line":68,"column":121}},"19":{"start":{"line":69,"column":12},"end":{"line":69,"column":62}},"20":{"start":{"line":70,"column":12},"end":{"line":70,"column":24}},"21":{"start":{"line":78,"column":32},"end":{"line":78,"column":34}},"22":{"start":{"line":79,"column":26},"end":{"line":79,"column":54}},"23":{"start":{"line":80,"column":24},"end":{"line":80,"column":50}},"24":{"start":{"line":82,"column":8},"end":{"line":95,"column":9}},"25":{"start":{"line":82,"column":21},"end":{"line":82,"column":22}},"26":{"start":{"line":83,"column":24},"end":{"line":83,"column":60}},"27":{"start":{"line":84,"column":26},"end":{"line":84,"column":44}},"28":{"start":{"line":86,"column":12},"end":{"line":94,"column":13}},"29":{"start":{"line":87,"column":16},"end":{"line":93,"column":19}},"30":{"start":{"line":97,"column":8},"end":{"line":97,"column":22}},"31":{"start":{"line":104,"column":20},"end":{"line":104,"column":81}},"32":{"start":{"line":108,"column":22},"end":{"line":108,"column":23}},"33":{"start":{"line":110,"column":8},"end":{"line":145,"column":9}},"34":{"start":{"line":112,"column":12},"end":{"line":112,"column":41}},"35":{"start":{"line":115,"column":12},"end":{"line":141,"column":13}},"36":{"start":{"line":116,"column":34},"end":{"line":116,"column":53}},"37":{"start":{"line":117,"column":40},"end":{"line":119,"column":71}},"38":{"start":{"line":118,"column":44},"end":{"line":118,"column":59}},"39":{"start":{"line":119,"column":48},"end":{"line":119,"column":69}},"40":{"start":{"line":121,"column":16},"end":{"line":140,"column":17}},"41":{"start":{"line":123,"column":20},"end":{"line":132,"column":21}},"42":{"start":{"line":125,"column":28},"end":{"line":125,"column":109}},"43":{"start":{"line":125,"column":70},"end":{"line":125,"column":107}},"44":{"start":{"line":126,"column":28},"end":{"line":126,"column":34}},"45":{"start":{"line":128,"column":28},"end":{"line":128,"column":112}},"46":{"start":{"line":129,"column":28},"end":{"line":129,"column":34}},"47":{"start":{"line":131,"column":28},"end":{"line":131,"column":63}},"48":{"start":{"line":135,"column":20},"end":{"line":137,"column":21}},"49":{"start":{"line":136,"column":24},"end":{"line":136,"column":59}},"50":{"start":{"line":139,"column":20},"end":{"line":139,"column":59}},"51":{"start":{"line":144,"column":12},"end":{"line":144,"column":42}},"52":{"start":{"line":148,"column":26},"end":{"line":148,"column":109}},"53":{"start":{"line":149,"column":30},"end":{"line":149,"column":112}},"54":{"start":{"line":151,"column":31},"end":{"line":162,"column":10}},"55":{"start":{"line":164,"column":26},"end":{"line":164,"column":36}},"56":{"start":{"line":166,"column":8},"end":{"line":189,"column":9}},"57":{"start":{"line":167,"column":29},"end":{"line":173,"column":14}},"58":{"start":{"line":175,"column":12},"end":{"line":177,"column":13}},"59":{"start":{"line":176,"column":16},"end":{"line":176,"column":83}},"60":{"start":{"line":179,"column":32},"end":{"line":179,"column":60}},"61":{"start":{"line":180,"column":28},"end":{"line":180,"column":50}},"62":{"start":{"line":182,"column":12},"end":{"line":186,"column":14}},"63":{"start":{"line":188,"column":12},"end":{"line":188,"column":84}},"64":{"start":{"line":196,"column":25},"end":{"line":196,"column":28}},"65":{"start":{"line":197,"column":20},"end":{"line":197,"column":35}},"66":{"start":{"line":198,"column":8},"end":{"line":198,"column":37}},"67":{"start":{"line":198,"column":25},"end":{"line":198,"column":37}},"68":{"start":{"line":199,"column":8},"end":{"line":199,"column":37}},"69":{"start":{"line":199,"column":25},"end":{"line":199,"column":37}},"70":{"start":{"line":200,"column":8},"end":{"line":200,"column":21}},"71":{"start":{"line":207,"column":23},"end":{"line":207,"column":53}},"72":{"start":{"line":209,"column":8},"end":{"line":212,"column":9}},"73":{"start":{"line":210,"column":27},"end":{"line":210,"column":76}},"74":{"start":{"line":211,"column":12},"end":{"line":211,"column":25}},"75":{"start":{"line":219,"column":29},"end":{"line":225,"column":10}},"76":{"start":{"line":227,"column":8},"end":{"line":227,"column":65}},"77":{"start":{"line":24,"column":0},"end":{"line":24,"column":13}}},"fnMap":{"0":{"name":"(anonymous_0)","decl":{"start":{"line":25,"column":4},"end":{"line":25,"column":24}},"loc":{"start":{"line":25,"column":38},"end":{"line":25,"column":42}}},"1":{"name":"(anonymous_1)","decl":{"start":{"line":30,"column":4},"end":{"line":30,"column":9}},"loc":{"start":{"line":30,"column":31},"end":{"line":41,"column":5}}},"2":{"name":"(anonymous_2)","decl":{"start":{"line":46,"column":4},"end":{"line":46,"column":9}},"loc":{"start":{"line":46,"column":20},"end":{"line":72,"column":5}}},"3":{"name":"(anonymous_3)","decl":{"start":{"line":61,"column":29},"end":{"line":61,"column":30}},"loc":{"start":{"line":61,"column":46},"end":{"line":66,"column":13}}},"4":{"name":"(anonymous_4)","decl":{"start":{"line":63,"column":39},"end":{"line":63,"column":40}},"loc":{"start":{"line":63,"column":54},"end":{"line":65,"column":17}}},"5":{"name":"(anonymous_5)","decl":{"start":{"line":77,"column":4},"end":{"line":77,"column":23}},"loc":{"start":{"line":77,"column":36},"end":{"line":98,"column":5}}},"6":{"name":"(anonymous_6)","decl":{"start":{"line":103,"column":4},"end":{"line":103,"column":9}},"loc":{"start":{"line":103,"column":88},"end":{"line":190,"column":5}}},"7":{"name":"(anonymous_7)","decl":{"start":{"line":118,"column":28},"end":{"line":118,"column":29}},"loc":{"start":{"line":118,"column":44},"end":{"line":118,"column":59}}},"8":{"name":"(anonymous_8)","decl":{"start":{"line":119,"column":25},"end":{"line":119,"column":26}},"loc":{"start":{"line":119,"column":48},"end":{"line":119,"column":69}}},"9":{"name":"(anonymous_9)","decl":{"start":{"line":125,"column":65},"end":{"line":125,"column":66}},"loc":{"start":{"line":125,"column":70},"end":{"line":125,"column":107}}},"10":{"name":"(anonymous_10)","decl":{"start":{"line":195,"column":4},"end":{"line":195,"column":22}},"loc":{"start":{"line":195,"column":35},"end":{"line":201,"column":5}}},"11":{"name":"(anonymous_11)","decl":{"start":{"line":206,"column":4},"end":{"line":206,"column":9}},"loc":{"start":{"line":206,"column":88},"end":{"line":213,"column":5}}},"12":{"name":"(anonymous_12)","decl":{"start":{"line":218,"column":4},"end":{"line":218,"column":9}},"loc":{"start":{"line":218,"column":81},"end":{"line":228,"column":5}}}},"branchMap":{"0":{"loc":{"start":{"line":54,"column":12},"end":{"line":56,"column":13}},"type":"if","locations":[{"start":{"line":54,"column":12},"end":{"line":56,"column":13}},{"start":{},"end":{}}]},"1":{"loc":{"start":{"line":86,"column":12},"end":{"line":94,"column":13}},"type":"if","locations":[{"start":{"line":86,"column":12},"end":{"line":94,"column":13}},{"start":{},"end":{}}]},"2":{"loc":{"start":{"line":92,"column":29},"end":{"line":92,"column":48}},"type":"cond-expr","locations":[{"start":{"line":92,"column":37},"end":{"line":92,"column":44}},{"start":{"line":92,"column":47},"end":{"line":92,"column":48}}]},"3":{"loc":{"start":{"line":110,"column":8},"end":{"line":145,"column":9}},"type":"if","locations":[{"start":{"line":110,"column":8},"end":{"line":145,"column":9}},{"start":{"line":142,"column":15},"end":{"line":145,"column":9}}]},"4":{"loc":{"start":{"line":110,"column":12},"end":{"line":110,"column":63}},"type":"binary-expr","locations":[{"start":{"line":110,"column":12},"end":{"line":110,"column":41}},{"start":{"line":110,"column":45},"end":{"line":110,"column":63}}]},"5":{"loc":{"start":{"line":115,"column":12},"end":{"line":141,"column":13}},"type":"if","locations":[{"start":{"line":115,"column":12},"end":{"line":141,"column":13}},{"start":{},"end":{}}]},"6":{"loc":{"start":{"line":117,"column":55},"end":{"line":117,"column":87}},"type":"binary-expr","locations":[{"start":{"line":117,"column":55},"end":{"line":117,"column":81}},{"start":{"line":117,"column":85},"end":{"line":117,"column":87}}]},"7":{"loc":{"start":{"line":121,"column":16},"end":{"line":140,"column":17}},"type":"if","locations":[{"start":{"line":121,"column":16},"end":{"line":140,"column":17}},{"start":{},"end":{}}]},"8":{"loc":{"start":{"line":123,"column":20},"end":{"line":132,"column":21}},"type":"switch","locations":[{"start":{"line":124,"column":24},"end":{"line":126,"column":34}},{"start":{"line":127,"column":24},"end":{"line":129,"column":34}},{"start":{"line":130,"column":24},"end":{"line":131,"column":63}}]},"9":{"loc":{"start":{"line":135,"column":20},"end":{"line":137,"column":21}},"type":"if","locations":[{"start":{"line":135,"column":20},"end":{"line":137,"column":21}},{"start":{},"end":{}}]},"10":{"loc":{"start":{"line":139,"column":30},"end":{"line":139,"column":58}},"type":"binary-expr","locations":[{"start":{"line":139,"column":30},"end":{"line":139,"column":53}},{"start":{"line":139,"column":57},"end":{"line":139,"column":58}}]},"11":{"loc":{"start":{"line":148,"column":26},"end":{"line":148,"column":109}},"type":"cond-expr","locations":[{"start":{"line":148,"column":42},"end":{"line":148,"column":72}},{"start":{"line":148,"column":75},"end":{"line":148,"column":109}}]},"12":{"loc":{"start":{"line":149,"column":30},"end":{"line":149,"column":112}},"type":"cond-expr","locations":[{"start":{"line":149,"column":45},"end":{"line":149,"column":75}},{"start":{"line":149,"column":78},"end":{"line":149,"column":112}}]},"13":{"loc":{"start":{"line":175,"column":12},"end":{"line":177,"column":13}},"type":"if","locations":[{"start":{"line":175,"column":12},"end":{"line":177,"column":13}},{"start":{},"end":{}}]},"14":{"loc":{"start":{"line":198,"column":8},"end":{"line":198,"column":37}},"type":"if","locations":[{"start":{"line":198,"column":8},"end":{"line":198,"column":37}},{"start":{},"end":{}}]},"15":{"loc":{"start":{"line":199,"column":8},"end":{"line":199,"column":37}},"type":"if","locations":[{"start":{"line":199,"column":8},"end":{"line":199,"column":37}},{"start":{},"end":{}}]}},"s":{"0":1,"1":28,"2":3,"3":3,"4":3,"5":2,"6":1,"7":2,"8":2,"9":2,"10":1,"11":0,"12":1,"13":1,"14":1,"15":2,"16":2,"17":3,"18":1,"19":1,"20":1,"21":8,"22":8,"23":8,"24":8,"25":8,"26":35,"27":35,"28":35,"29":34,"30":8,"31":45,"32":45,"33":45,"34":11,"35":11,"36":11,"37":11,"38":32,"39":31,"40":11,"41":11,"42":1,"43":1,"44":1,"45":10,"46":10,"47":0,"48":11,"49":0,"50":11,"51":34,"52":45,"53":45,"54":45,"55":45,"56":45,"57":45,"58":44,"59":1,"60":43,"61":43,"62":43,"63":2,"64":5,"65":5,"66":5,"67":1,"68":5,"69":1,"70":5,"71":3,"72":3,"73":27,"74":27,"75":4,"76":4,"77":1},"f":{"0":28,"1":3,"2":2,"3":2,"4":3,"5":8,"6":45,"7":32,"8":31,"9":1,"10":5,"11":3,"12":4},"b":{"0":[0,1],"1":[34,1],"2":[29,5],"3":[11,34],"4":[45,11],"5":[11,0],"6":[11,0],"7":[11,0],"8":[1,10,0],"9":[0,11],"10":[11,0],"11":[20,25],"12":[20,25],"13":[1,43],"14":[1,4],"15":[1,4]}}
,"/Users/naoto.kato/Develop/otolab/coeiro-operator/src/say/cli.ts": {"path":"/Users/naoto.kato/Develop/otolab/coeiro-operator/src/say/cli.ts","statementMap":{"0":{"start":{"line":25,"column":8},"end":{"line":25,"column":41}},"1":{"start":{"line":29,"column":8},"end":{"line":52,"column":39}},"2":{"start":{"line":56,"column":39},"end":{"line":63,"column":10}},"3":{"start":{"line":65,"column":8},"end":{"line":114,"column":9}},"4":{"start":{"line":65,"column":21},"end":{"line":65,"column":22}},"5":{"start":{"line":66,"column":24},"end":{"line":66,"column":31}},"6":{"start":{"line":68,"column":12},"end":{"line":113,"column":13}},"7":{"start":{"line":71,"column":20},"end":{"line":71,"column":43}},"8":{"start":{"line":72,"column":20},"end":{"line":72,"column":54}},"9":{"start":{"line":75,"column":20},"end":{"line":78,"column":21}},"10":{"start":{"line":76,"column":24},"end":{"line":76,"column":61}},"11":{"start":{"line":77,"column":24},"end":{"line":77,"column":64}},"12":{"start":{"line":79,"column":20},"end":{"line":79,"column":48}},"13":{"start":{"line":80,"column":20},"end":{"line":80,"column":24}},"14":{"start":{"line":81,"column":20},"end":{"line":81,"column":26}},"15":{"start":{"line":85,"column":20},"end":{"line":85,"column":57}},"16":{"start":{"line":86,"column":20},"end":{"line":86,"column":24}},"17":{"start":{"line":87,"column":20},"end":{"line":87,"column":26}},"18":{"start":{"line":91,"column":20},"end":{"line":91,"column":53}},"19":{"start":{"line":92,"column":20},"end":{"line":92,"column":24}},"20":{"start":{"line":93,"column":20},"end":{"line":93,"column":26}},"21":{"start":{"line":97,"column":20},"end":{"line":97,"column":52}},"22":{"start":{"line":98,"column":20},"end":{"line":98,"column":24}},"23":{"start":{"line":99,"column":20},"end":{"line":99,"column":26}},"24":{"start":{"line":103,"column":20},"end":{"line":103,"column":46}},"25":{"start":{"line":104,"column":20},"end":{"line":104,"column":26}},"26":{"start":{"line":107,"column":20},"end":{"line":111,"column":21}},"27":{"start":{"line":108,"column":24},"end":{"line":108,"column":65}},"28":{"start":{"line":110,"column":24},"end":{"line":110,"column":85}},"29":{"start":{"line":112,"column":20},"end":{"line":112,"column":26}},"30":{"start":{"line":116,"column":8},"end":{"line":116,"column":23}},"31":{"start":{"line":120,"column":19},"end":{"line":120,"column":31}},"32":{"start":{"line":122,"column":8},"end":{"line":143,"column":9}},"33":{"start":{"line":123,"column":12},"end":{"line":136,"column":13}},"34":{"start":{"line":124,"column":41},"end":{"line":124,"column":43}},"35":{"start":{"line":125,"column":16},"end":{"line":127,"column":17}},"36":{"start":{"line":126,"column":20},"end":{"line":126,"column":49}},"37":{"start":{"line":128,"column":16},"end":{"line":128,"column":69}},"38":{"start":{"line":130,"column":16},"end":{"line":135,"column":17}},"39":{"start":{"line":131,"column":20},"end":{"line":131,"column":68}},"40":{"start":{"line":132,"column":20},"end":{"line":132,"column":78}},"41":{"start":{"line":134,"column":20},"end":{"line":134,"column":77}},"42":{"start":{"line":137,"column":15},"end":{"line":143,"column":9}},"43":{"start":{"line":138,"column":37},"end":{"line":138,"column":39}},"44":{"start":{"line":139,"column":12},"end":{"line":141,"column":13}},"45":{"start":{"line":140,"column":16},"end":{"line":140,"column":45}},"46":{"start":{"line":142,"column":12},"end":{"line":142,"column":65}},"47":{"start":{"line":145,"column":8},"end":{"line":147,"column":9}},"48":{"start":{"line":146,"column":12},"end":{"line":146,"column":48}},"49":{"start":{"line":149,"column":8},"end":{"line":149,"column":20}},"50":{"start":{"line":153,"column":24},"end":{"line":153,"column":55}},"51":{"start":{"line":154,"column":21},"end":{"line":154,"column":53}},"52":{"start":{"line":156,"column":23},"end":{"line":161,"column":10}},"53":{"start":{"line":163,"column":8},"end":{"line":165,"column":9}},"54":{"start":{"line":164,"column":12},"end":{"line":164,"column":67}},"55":{"start":{"line":170,"column":0},"end":{"line":173,"column":3}},"56":{"start":{"line":171,"column":4},"end":{"line":171,"column":56}},"57":{"start":{"line":172,"column":4},"end":{"line":172,"column":20}},"58":{"start":{"line":175,"column":0},"end":{"line":178,"column":3}},"59":{"start":{"line":176,"column":4},"end":{"line":176,"column":50}},"60":{"start":{"line":177,"column":4},"end":{"line":177,"column":20}},"61":{"start":{"line":182,"column":19},"end":{"line":182,"column":37}},"62":{"start":{"line":183,"column":25},"end":{"line":183,"column":49}},"63":{"start":{"line":185,"column":4},"end":{"line":185,"column":36}},"64":{"start":{"line":186,"column":4},"end":{"line":186,"column":44}},"65":{"start":{"line":188,"column":16},"end":{"line":188,"column":49}},"66":{"start":{"line":189,"column":4},"end":{"line":189,"column":41}},"67":{"start":{"line":193,"column":0},"end":{"line":206,"column":7}},"68":{"start":{"line":195,"column":8},"end":{"line":195,"column":24}},"69":{"start":{"line":199,"column":8},"end":{"line":205,"column":9}},"70":{"start":{"line":201,"column":12},"end":{"line":201,"column":28}},"71":{"start":{"line":203,"column":12},"end":{"line":203,"column":64}},"72":{"start":{"line":204,"column":12},"end":{"line":204,"column":28}}},"fnMap":{"0":{"name":"(anonymous_0)","decl":{"start":{"line":24,"column":4},"end":{"line":24,"column":16}},"loc":{"start":{"line":24,"column":42},"end":{"line":26,"column":5}}},"1":{"name":"(anonymous_1)","decl":{"start":{"line":28,"column":4},"end":{"line":28,"column":9}},"loc":{"start":{"line":28,"column":19},"end":{"line":53,"column":5}}},"2":{"name":"(anonymous_2)","decl":{"start":{"line":55,"column":12},"end":{"line":55,"column":17}},"loc":{"start":{"line":55,"column":47},"end":{"line":117,"column":5}}},"3":{"name":"(anonymous_3)","decl":{"start":{"line":119,"column":12},"end":{"line":119,"column":17}},"loc":{"start":{"line":119,"column":53},"end":{"line":150,"column":5}}},"4":{"name":"(anonymous_4)","decl":{"start":{"line":152,"column":4},"end":{"line":152,"column":9}},"loc":{"start":{"line":152,"column":28},"end":{"line":166,"column":5}}},"5":{"name":"(anonymous_5)","decl":{"start":{"line":170,"column":32},"end":{"line":170,"column":33}},"loc":{"start":{"line":170,"column":42},"end":{"line":173,"column":1}}},"6":{"name":"(anonymous_6)","decl":{"start":{"line":175,"column":33},"end":{"line":175,"column":34}},"loc":{"start":{"line":175,"column":53},"end":{"line":178,"column":1}}},"7":{"name":"main","decl":{"start":{"line":181,"column":15},"end":{"line":181,"column":19}},"loc":{"start":{"line":181,"column":19},"end":{"line":190,"column":1}}},"8":{"name":"(anonymous_8)","decl":{"start":{"line":194,"column":10},"end":{"line":194,"column":13}},"loc":{"start":{"line":194,"column":15},"end":{"line":196,"column":5}}},"9":{"name":"(anonymous_9)","decl":{"start":{"line":197,"column":11},"end":{"line":197,"column":12}},"loc":{"start":{"line":197,"column":21},"end":{"line":206,"column":5}}}},"branchMap":{"0":{"loc":{"start":{"line":57,"column":19},"end":{"line":57,"column":52}},"type":"binary-expr","locations":[{"start":{"line":57,"column":19},"end":{"line":57,"column":46}},{"start":{"line":57,"column":50},"end":{"line":57,"column":52}}]},"1":{"loc":{"start":{"line":68,"column":12},"end":{"line":113,"column":13}},"type":"switch","locations":[{"start":{"line":69,"column":16},"end":{"line":69,"column":26}},{"start":{"line":70,"column":16},"end":{"line":72,"column":54}},{"start":{"line":74,"column":16},"end":{"line":81,"column":26}},{"start":{"line":83,"column":16},"end":{"line":83,"column":26}},{"start":{"line":84,"column":16},"end":{"line":87,"column":26}},{"start":{"line":89,"column":16},"end":{"line":89,"column":26}},{"start":{"line":90,"column":16},"end":{"line":93,"column":26}},{"start":{"line":95,"column":16},"end":{"line":95,"column":26}},{"start":{"line":96,"column":16},"end":{"line":99,"column":26}},{"start":{"line":101,"column":16},"end":{"line":101,"column":26}},{"start":{"line":102,"column":16},"end":{"line":104,"column":26}},{"start":{"line":106,"column":16},"end":{"line":112,"column":26}}]},"2":{"loc":{"start":{"line":75,"column":20},"end":{"line":78,"column":21}},"type":"if","locations":[{"start":{"line":75,"column":20},"end":{"line":78,"column":21}},{"start":{},"end":{}}]},"3":{"loc":{"start":{"line":107,"column":20},"end":{"line":111,"column":21}},"type":"if","locations":[{"start":{"line":107,"column":20},"end":{"line":111,"column":21}},{"start":{"line":109,"column":27},"end":{"line":111,"column":21}}]},"4":{"loc":{"start":{"line":110,"column":39},"end":{"line":110,"column":84}},"type":"cond-expr","locations":[{"start":{"line":110,"column":54},"end":{"line":110,"column":78}},{"start":{"line":110,"column":81},"end":{"line":110,"column":84}}]},"5":{"loc":{"start":{"line":122,"column":8},"end":{"line":143,"column":9}},"type":"if","locations":[{"start":{"line":122,"column":8},"end":{"line":143,"column":9}},{"start":{"line":137,"column":15},"end":{"line":143,"column":9}}]},"6":{"loc":{"start":{"line":123,"column":12},"end":{"line":136,"column":13}},"type":"if","locations":[{"start":{"line":123,"column":12},"end":{"line":136,"column":13}},{"start":{"line":129,"column":19},"end":{"line":136,"column":13}}]},"7":{"loc":{"start":{"line":137,"column":15},"end":{"line":143,"column":9}},"type":"if","locations":[{"start":{"line":137,"column":15},"end":{"line":143,"column":9}},{"start":{},"end":{}}]},"8":{"loc":{"start":{"line":145,"column":8},"end":{"line":147,"column":9}},"type":"if","locations":[{"start":{"line":145,"column":8},"end":{"line":147,"column":9}},{"start":{},"end":{}}]},"9":{"loc":{"start":{"line":157,"column":19},"end":{"line":157,"column":40}},"type":"binary-expr","locations":[{"start":{"line":157,"column":19},"end":{"line":157,"column":32}},{"start":{"line":157,"column":36},"end":{"line":157,"column":40}}]},"10":{"loc":{"start":{"line":159,"column":24},"end":{"line":159,"column":50}},"type":"binary-expr","locations":[{"start":{"line":159,"column":24},"end":{"line":159,"column":42}},{"start":{"line":159,"column":46},"end":{"line":159,"column":50}}]},"11":{"loc":{"start":{"line":163,"column":8},"end":{"line":165,"column":9}},"type":"if","locations":[{"start":{"line":163,"column":8},"end":{"line":165,"column":9}},{"start":{},"end":{}}]},"12":{"loc":{"start":{"line":199,"column":8},"end":{"line":205,"column":9}},"type":"if","locations":[{"start":{"line":199,"column":8},"end":{"line":205,"column":9}},{"start":{"line":202,"column":15},"end":{"line":205,"column":9}}]},"13":{"loc":{"start":{"line":199,"column":13},"end":{"line":200,"column":63}},"type":"binary-expr","locations":[{"start":{"line":199,"column":13},"end":{"line":199,"column":57}},{"start":{"line":200,"column":13},"end":{"line":200,"column":63}}]}},"s":{"0":0,"1":0,"2":0,"3":0,"4":0,"5":0,"6":0,"7":0,"8":0,"9":0,"10":0,"11":0,"12":0,"13":0,"14":0,"15":0,"16":0,"17":0,"18":0,"19":0,"20":0,"21":0,"22":0,"23":0,"24":0,"25":0,"26":0,"27":0,"28":0,"29":0,"30":0,"31":0,"32":0,"33":0,"34":0,"35":0,"36":0,"37":0,"38":0,"39":0,"40":0,"41":0,"42":0,"43":0,"44":0,"45":0,"46":0,"47":0,"48":0,"49":0,"50":0,"51":0,"52":0,"53":0,"54":0,"55":0,"56":0,"57":0,"58":0,"59":0,"60":0,"61":0,"62":0,"63":0,"64":0,"65":0,"66":0,"67":0,"68":0,"69":0,"70":0,"71":0,"72":0},"f":{"0":0,"1":0,"2":0,"3":0,"4":0,"5":0,"6":0,"7":0,"8":0,"9":0},"b":{"0":[0,0],"1":[0,0,0,0,0,0,0,0,0,0,0,0],"2":[0,0],"3":[0,0],"4":[0,0],"5":[0,0],"6":[0,0],"7":[0,0],"8":[0,0],"9":[0,0],"10":[0,0],"11":[0,0],"12":[0,0],"13":[0,0]}}
,"/Users/naoto.kato/Develop/otolab/coeiro-operator/src/say/index.ts": {"path":"/Users/naoto.kato/Develop/otolab/coeiro-operator/src/say/index.ts","statementMap":{"0":{"start":{"line":26,"column":16},"end":{"line":26,"column":46}},"1":{"start":{"line":29,"column":31},"end":{"line":33,"column":2}},"2":{"start":{"line":36,"column":36},"end":{"line":43,"column":2}},"3":{"start":{"line":50,"column":20},"end":{"line":50,"column":96}},"4":{"start":{"line":52,"column":4},"end":{"line":69,"column":5}},"5":{"start":{"line":53,"column":8},"end":{"line":53,"column":50}},"6":{"start":{"line":54,"column":8},"end":{"line":54,"column":23}},"7":{"start":{"line":57,"column":24},"end":{"line":57,"column":57}},"8":{"start":{"line":58,"column":8},"end":{"line":68,"column":9}},"9":{"start":{"line":59,"column":12},"end":{"line":59,"column":54}},"10":{"start":{"line":60,"column":12},"end":{"line":60,"column":27}},"11":{"start":{"line":63,"column":27},"end":{"line":63,"column":54}},"12":{"start":{"line":64,"column":12},"end":{"line":66,"column":22}},"13":{"start":{"line":65,"column":16},"end":{"line":65,"column":57}},"14":{"start":{"line":67,"column":12},"end":{"line":67,"column":26}},"15":{"start":{"line":76,"column":22},"end":{"line":76,"column":42}},"16":{"start":{"line":77,"column":4},"end":{"line":77,"column":37}},"17":{"start":{"line":84,"column":4},"end":{"line":86,"column":5}},"18":{"start":{"line":85,"column":8},"end":{"line":85,"column":66}},"19":{"start":{"line":88,"column":4},"end":{"line":92,"column":5}},"20":{"start":{"line":89,"column":8},"end":{"line":89,"column":49}},"21":{"start":{"line":91,"column":8},"end":{"line":91,"column":30}},"22":{"start":{"line":94,"column":4},"end":{"line":101,"column":5}},"23":{"start":{"line":95,"column":27},"end":{"line":95,"column":61}},"24":{"start":{"line":96,"column":23},"end":{"line":96,"column":45}},"25":{"start":{"line":97,"column":8},"end":{"line":97,"column":48}},"26":{"start":{"line":99,"column":8},"end":{"line":99,"column":68}},"27":{"start":{"line":100,"column":8},"end":{"line":100,"column":30}},"28":{"start":{"line":112,"column":8},"end":{"line":112,"column":47}},"29":{"start":{"line":113,"column":8},"end":{"line":113,"column":53}},"30":{"start":{"line":114,"column":8},"end":{"line":114,"column":45}},"31":{"start":{"line":115,"column":8},"end":{"line":115,"column":66}},"32":{"start":{"line":118,"column":8},"end":{"line":120,"column":11}},"33":{"start":{"line":119,"column":12},"end":{"line":119,"column":71}},"34":{"start":{"line":124,"column":8},"end":{"line":128,"column":9}},"35":{"start":{"line":125,"column":12},"end":{"line":125,"column":52}},"36":{"start":{"line":127,"column":12},"end":{"line":127,"column":93}},"37":{"start":{"line":132,"column":8},"end":{"line":136,"column":9}},"38":{"start":{"line":133,"column":12},"end":{"line":133,"column":60}},"39":{"start":{"line":135,"column":12},"end":{"line":135,"column":84}},"40":{"start":{"line":140,"column":8},"end":{"line":140,"column":51}},"41":{"start":{"line":145,"column":8},"end":{"line":145,"column":63}},"42":{"start":{"line":149,"column":8},"end":{"line":169,"column":9}},"43":{"start":{"line":150,"column":34},"end":{"line":150,"column":82}},"44":{"start":{"line":152,"column":12},"end":{"line":154,"column":13}},"45":{"start":{"line":153,"column":16},"end":{"line":153,"column":28}},"46":{"start":{"line":156,"column":30},"end":{"line":156,"column":99}},"47":{"start":{"line":158,"column":12},"end":{"line":163,"column":13}},"48":{"start":{"line":159,"column":16},"end":{"line":162,"column":18}},"49":{"start":{"line":165,"column":12},"end":{"line":165,"column":24}},"50":{"start":{"line":167,"column":12},"end":{"line":167,"column":71}},"51":{"start":{"line":168,"column":12},"end":{"line":168,"column":24}},"52":{"start":{"line":174,"column":8},"end":{"line":174,"column":84}},"53":{"start":{"line":179,"column":8},"end":{"line":179,"column":61}},"54":{"start":{"line":184,"column":8},"end":{"line":184,"column":67}},"55":{"start":{"line":189,"column":8},"end":{"line":189,"column":63}},"56":{"start":{"line":194,"column":8},"end":{"line":194,"column":56}},"57":{"start":{"line":199,"column":8},"end":{"line":199,"column":72}},"58":{"start":{"line":204,"column":8},"end":{"line":204,"column":62}},"59":{"start":{"line":209,"column":8},"end":{"line":211,"column":9}},"60":{"start":{"line":210,"column":12},"end":{"line":210,"column":64}},"61":{"start":{"line":216,"column":8},"end":{"line":216,"column":56}},"62":{"start":{"line":221,"column":8},"end":{"line":221,"column":73}},"63":{"start":{"line":226,"column":8},"end":{"line":226,"column":67}},"64":{"start":{"line":231,"column":8},"end":{"line":231,"column":72}},"65":{"start":{"line":232,"column":8},"end":{"line":232,"column":61}},"66":{"start":{"line":237,"column":8},"end":{"line":237,"column":44}},"67":{"start":{"line":242,"column":8},"end":{"line":242,"column":33}},"68":{"start":{"line":247,"column":8},"end":{"line":247,"column":64}},"69":{"start":{"line":252,"column":8},"end":{"line":252,"column":55}},"70":{"start":{"line":263,"column":12},"end":{"line":263,"column":19}},"71":{"start":{"line":266,"column":59},"end":{"line":266,"column":64}},"72":{"start":{"line":267,"column":8},"end":{"line":276,"column":9}},"73":{"start":{"line":269,"column":34},"end":{"line":269,"column":70}},"74":{"start":{"line":270,"column":12},"end":{"line":275,"column":13}},"75":{"start":{"line":271,"column":16},"end":{"line":271,"column":46}},"76":{"start":{"line":274,"column":16},"end":{"line":274,"column":95}},"77":{"start":{"line":279,"column":8},"end":{"line":281,"column":9}},"78":{"start":{"line":280,"column":12},"end":{"line":280,"column":61}},"79":{"start":{"line":284,"column":8},"end":{"line":303,"column":9}},"80":{"start":{"line":285,"column":30},"end":{"line":285,"column":53}},"81":{"start":{"line":286,"column":35},"end":{"line":287,"column":89}},"82":{"start":{"line":287,"column":48},"end":{"line":287,"column":88}},"83":{"start":{"line":289,"column":12},"end":{"line":302,"column":13}},"84":{"start":{"line":291,"column":42},"end":{"line":295,"column":18}},"85":{"start":{"line":296,"column":16},"end":{"line":299,"column":18}},"86":{"start":{"line":301,"column":16},"end":{"line":301,"column":79}},"87":{"start":{"line":306,"column":8},"end":{"line":308,"column":9}},"88":{"start":{"line":307,"column":12},"end":{"line":307,"column":115}},"89":{"start":{"line":310,"column":22},"end":{"line":310,"column":51}},"90":{"start":{"line":312,"column":8},"end":{"line":334,"column":9}},"91":{"start":{"line":314,"column":27},"end":{"line":314,"column":93}},"92":{"start":{"line":315,"column":12},"end":{"line":315,"column":65}},"93":{"start":{"line":316,"column":12},"end":{"line":316,"column":74}},"94":{"start":{"line":317,"column":15},"end":{"line":334,"column":9}},"95":{"start":{"line":319,"column":12},"end":{"line":321,"column":13}},"96":{"start":{"line":320,"column":16},"end":{"line":320,"column":54}},"97":{"start":{"line":323,"column":12},"end":{"line":323,"column":75}},"98":{"start":{"line":324,"column":12},"end":{"line":324,"column":56}},"99":{"start":{"line":327,"column":12},"end":{"line":329,"column":13}},"100":{"start":{"line":328,"column":16},"end":{"line":328,"column":54}},"101":{"start":{"line":331,"column":27},"end":{"line":331,"column":93}},"102":{"start":{"line":332,"column":12},"end":{"line":332,"column":47}},"103":{"start":{"line":333,"column":12},"end":{"line":333,"column":78}}},"fnMap":{"0":{"name":"getConfigDir","decl":{"start":{"line":48,"column":15},"end":{"line":48,"column":27}},"loc":{"start":{"line":48,"column":27},"end":{"line":70,"column":1}}},"1":{"name":"getConfigPath","decl":{"start":{"line":75,"column":15},"end":{"line":75,"column":28}},"loc":{"start":{"line":75,"column":45},"end":{"line":78,"column":1}}},"2":{"name":"loadConfig","decl":{"start":{"line":83,"column":22},"end":{"line":83,"column":32}},"loc":{"start":{"line":83,"column":65},"end":{"line":102,"column":1}}},"3":{"name":"(anonymous_3)","decl":{"start":{"line":111,"column":4},"end":{"line":111,"column":16}},"loc":{"start":{"line":111,"column":44},"end":{"line":121,"column":5}}},"4":{"name":"(anonymous_4)","decl":{"start":{"line":118,"column":43},"end":{"line":118,"column":48}},"loc":{"start":{"line":118,"column":70},"end":{"line":120,"column":9}}},"5":{"name":"(anonymous_5)","decl":{"start":{"line":123,"column":4},"end":{"line":123,"column":9}},"loc":{"start":{"line":123,"column":20},"end":{"line":129,"column":5}}},"6":{"name":"(anonymous_6)","decl":{"start":{"line":131,"column":4},"end":{"line":131,"column":9}},"loc":{"start":{"line":131,"column":28},"end":{"line":137,"column":5}}},"7":{"name":"(anonymous_7)","decl":{"start":{"line":139,"column":4},"end":{"line":139,"column":9}},"loc":{"start":{"line":139,"column":31},"end":{"line":141,"column":5}}},"8":{"name":"(anonymous_8)","decl":{"start":{"line":144,"column":4},"end":{"line":144,"column":23}},"loc":{"start":{"line":144,"column":36},"end":{"line":146,"column":5}}},"9":{"name":"(anonymous_9)","decl":{"start":{"line":148,"column":4},"end":{"line":148,"column":9}},"loc":{"start":{"line":148,"column":33},"end":{"line":170,"column":5}}},"10":{"name":"(anonymous_10)","decl":{"start":{"line":173,"column":4},"end":{"line":173,"column":9}},"loc":{"start":{"line":173,"column":88},"end":{"line":175,"column":5}}},"11":{"name":"(anonymous_11)","decl":{"start":{"line":178,"column":4},"end":{"line":178,"column":21}},"loc":{"start":{"line":178,"column":44},"end":{"line":180,"column":5}}},"12":{"name":"(anonymous_12)","decl":{"start":{"line":183,"column":4},"end":{"line":183,"column":9}},"loc":{"start":{"line":183,"column":50},"end":{"line":185,"column":5}}},"13":{"name":"(anonymous_13)","decl":{"start":{"line":188,"column":4},"end":{"line":188,"column":9}},"loc":{"start":{"line":188,"column":41},"end":{"line":190,"column":5}}},"14":{"name":"(anonymous_14)","decl":{"start":{"line":193,"column":4},"end":{"line":193,"column":25}},"loc":{"start":{"line":193,"column":25},"end":{"line":195,"column":5}}},"15":{"name":"(anonymous_15)","decl":{"start":{"line":198,"column":4},"end":{"line":198,"column":18}},"loc":{"start":{"line":198,"column":62},"end":{"line":200,"column":5}}},"16":{"name":"(anonymous_16)","decl":{"start":{"line":203,"column":4},"end":{"line":203,"column":22}},"loc":{"start":{"line":203,"column":35},"end":{"line":205,"column":5}}},"17":{"name":"(anonymous_17)","decl":{"start":{"line":207,"column":4},"end":{"line":207,"column":9}},"loc":{"start":{"line":207,"column":94},"end":{"line":212,"column":5}}},"18":{"name":"(anonymous_18)","decl":{"start":{"line":215,"column":4},"end":{"line":215,"column":9}},"loc":{"start":{"line":215,"column":20},"end":{"line":217,"column":5}}},"19":{"name":"(anonymous_19)","decl":{"start":{"line":220,"column":4},"end":{"line":220,"column":9}},"loc":{"start":{"line":220,"column":64},"end":{"line":222,"column":5}}},"20":{"name":"(anonymous_20)","decl":{"start":{"line":225,"column":4},"end":{"line":225,"column":9}},"loc":{"start":{"line":225,"column":31},"end":{"line":227,"column":5}}},"21":{"name":"(anonymous_21)","decl":{"start":{"line":230,"column":4},"end":{"line":230,"column":9}},"loc":{"start":{"line":230,"column":69},"end":{"line":233,"column":5}}},"22":{"name":"(anonymous_22)","decl":{"start":{"line":236,"column":4},"end":{"line":236,"column":24}},"loc":{"start":{"line":236,"column":24},"end":{"line":238,"column":5}}},"23":{"name":"(anonymous_23)","decl":{"start":{"line":241,"column":4},"end":{"line":241,"column":20}},"loc":{"start":{"line":241,"column":20},"end":{"line":243,"column":5}}},"24":{"name":"(anonymous_24)","decl":{"start":{"line":246,"column":4},"end":{"line":246,"column":9}},"loc":{"start":{"line":246,"column":70},"end":{"line":248,"column":5}}},"25":{"name":"(anonymous_25)","decl":{"start":{"line":251,"column":4},"end":{"line":251,"column":9}},"loc":{"start":{"line":251,"column":75},"end":{"line":253,"column":5}}},"26":{"name":"(anonymous_26)","decl":{"start":{"line":256,"column":4},"end":{"line":256,"column":9}},"loc":{"start":{"line":256,"column":78},"end":{"line":335,"column":5}}},"27":{"name":"(anonymous_27)","decl":{"start":{"line":287,"column":22},"end":{"line":287,"column":23}},"loc":{"start":{"line":287,"column":48},"end":{"line":287,"column":88}}}},"branchMap":{"0":{"loc":{"start":{"line":50,"column":25},"end":{"line":50,"column":75}},"type":"binary-expr","locations":[{"start":{"line":50,"column":25},"end":{"line":50,"column":41}},{"start":{"line":50,"column":45},"end":{"line":50,"column":68}},{"start":{"line":50,"column":72},"end":{"line":50,"column":75}}]},"1":{"loc":{"start":{"line":83,"column":33},"end":{"line":83,"column":65}},"type":"default-arg","locations":[{"start":{"line":83,"column":61},"end":{"line":83,"column":65}}]},"2":{"loc":{"start":{"line":84,"column":4},"end":{"line":86,"column":5}},"type":"if","locations":[{"start":{"line":84,"column":4},"end":{"line":86,"column":5}},{"start":{},"end":{}}]},"3":{"loc":{"start":{"line":111,"column":16},"end":{"line":111,"column":44}},"type":"default-arg","locations":[{"start":{"line":111,"column":40},"end":{"line":111,"column":44}}]},"4":{"loc":{"start":{"line":112,"column":22},"end":{"line":112,"column":46}},"type":"binary-expr","locations":[{"start":{"line":112,"column":22},"end":{"line":112,"column":28}},{"start":{"line":112,"column":32},"end":{"line":112,"column":46}}]},"5":{"loc":{"start":{"line":152,"column":12},"end":{"line":154,"column":13}},"type":"if","locations":[{"start":{"line":152,"column":12},"end":{"line":154,"column":13}},{"start":{},"end":{}}]},"6":{"loc":{"start":{"line":158,"column":12},"end":{"line":163,"column":13}},"type":"if","locations":[{"start":{"line":158,"column":12},"end":{"line":163,"column":13}},{"start":{},"end":{}}]},"7":{"loc":{"start":{"line":158,"column":16},"end":{"line":158,"column":47}},"type":"binary-expr","locations":[{"start":{"line":158,"column":16},"end":{"line":158,"column":25}},{"start":{"line":158,"column":29},"end":{"line":158,"column":47}}]},"8":{"loc":{"start":{"line":230,"column":38},"end":{"line":230,"column":69}},"type":"default-arg","locations":[{"start":{"line":230,"column":67},"end":{"line":230,"column":69}}]},"9":{"loc":{"start":{"line":246,"column":39},"end":{"line":246,"column":70}},"type":"default-arg","locations":[{"start":{"line":246,"column":68},"end":{"line":246,"column":70}}]},"10":{"loc":{"start":{"line":251,"column":44},"end":{"line":251,"column":75}},"type":"default-arg","locations":[{"start":{"line":251,"column":73},"end":{"line":251,"column":75}}]},"11":{"loc":{"start":{"line":256,"column":47},"end":{"line":256,"column":78}},"type":"default-arg","locations":[{"start":{"line":256,"column":76},"end":{"line":256,"column":78}}]},"12":{"loc":{"start":{"line":258,"column":12},"end":{"line":258,"column":24}},"type":"default-arg","locations":[{"start":{"line":258,"column":20},"end":{"line":258,"column":24}}]},"13":{"loc":{"start":{"line":259,"column":12},"end":{"line":259,"column":35}},"type":"default-arg","locations":[{"start":{"line":259,"column":19},"end":{"line":259,"column":35}}]},"14":{"loc":{"start":{"line":260,"column":12},"end":{"line":260,"column":29}},"type":"default-arg","locations":[{"start":{"line":260,"column":25},"end":{"line":260,"column":29}}]},"15":{"loc":{"start":{"line":261,"column":12},"end":{"line":261,"column":30}},"type":"default-arg","locations":[{"start":{"line":261,"column":25},"end":{"line":261,"column":30}}]},"16":{"loc":{"start":{"line":262,"column":12},"end":{"line":262,"column":24}},"type":"default-arg","locations":[{"start":{"line":262,"column":20},"end":{"line":262,"column":24}}]},"17":{"loc":{"start":{"line":267,"column":8},"end":{"line":276,"column":9}},"type":"if","locations":[{"start":{"line":267,"column":8},"end":{"line":276,"column":9}},{"start":{},"end":{}}]},"18":{"loc":{"start":{"line":270,"column":12},"end":{"line":275,"column":13}},"type":"if","locations":[{"start":{"line":270,"column":12},"end":{"line":275,"column":13}},{"start":{"line":272,"column":19},"end":{"line":275,"column":13}}]},"19":{"loc":{"start":{"line":274,"column":32},"end":{"line":274,"column":94}},"type":"binary-expr","locations":[{"start":{"line":274,"column":32},"end":{"line":274,"column":52}},{"start":{"line":274,"column":56},"end":{"line":274,"column":94}}]},"20":{"loc":{"start":{"line":279,"column":8},"end":{"line":281,"column":9}},"type":"if","locations":[{"start":{"line":279,"column":8},"end":{"line":281,"column":9}},{"start":{},"end":{}}]},"21":{"loc":{"start":{"line":284,"column":8},"end":{"line":303,"column":9}},"type":"if","locations":[{"start":{"line":284,"column":8},"end":{"line":303,"column":9}},{"start":{},"end":{}}]},"22":{"loc":{"start":{"line":284,"column":12},"end":{"line":284,"column":81}},"type":"binary-expr","locations":[{"start":{"line":284,"column":12},"end":{"line":284,"column":17}},{"start":{"line":284,"column":21},"end":{"line":284,"column":54}},{"start":{"line":284,"column":58},"end":{"line":284,"column":81}}]},"23":{"loc":{"start":{"line":286,"column":50},"end":{"line":286,"column":82}},"type":"binary-expr","locations":[{"start":{"line":286,"column":50},"end":{"line":286,"column":76}},{"start":{"line":286,"column":80},"end":{"line":286,"column":82}}]},"24":{"loc":{"start":{"line":287,"column":48},"end":{"line":287,"column":88}},"type":"binary-expr","locations":[{"start":{"line":287,"column":48},"end":{"line":287,"column":65}},{"start":{"line":287,"column":69},"end":{"line":287,"column":88}}]},"25":{"loc":{"start":{"line":289,"column":12},"end":{"line":302,"column":13}},"type":"if","locations":[{"start":{"line":289,"column":12},"end":{"line":302,"column":13}},{"start":{"line":300,"column":19},"end":{"line":302,"column":13}}]},"26":{"loc":{"start":{"line":306,"column":8},"end":{"line":308,"column":9}},"type":"if","locations":[{"start":{"line":306,"column":8},"end":{"line":308,"column":9}},{"start":{},"end":{}}]},"27":{"loc":{"start":{"line":312,"column":8},"end":{"line":334,"column":9}},"type":"if","locations":[{"start":{"line":312,"column":8},"end":{"line":334,"column":9}},{"start":{"line":317,"column":15},"end":{"line":334,"column":9}}]},"28":{"loc":{"start":{"line":317,"column":15},"end":{"line":334,"column":9}},"type":"if","locations":[{"start":{"line":317,"column":15},"end":{"line":334,"column":9}},{"start":{"line":325,"column":15},"end":{"line":334,"column":9}}]},"29":{"loc":{"start":{"line":317,"column":19},"end":{"line":317,"column":75}},"type":"binary-expr","locations":[{"start":{"line":317,"column":19},"end":{"line":317,"column":29}},{"start":{"line":317,"column":33},"end":{"line":317,"column":75}}]},"30":{"loc":{"start":{"line":319,"column":12},"end":{"line":321,"column":13}},"type":"if","locations":[{"start":{"line":319,"column":12},"end":{"line":321,"column":13}},{"start":{},"end":{}}]},"31":{"loc":{"start":{"line":327,"column":12},"end":{"line":329,"column":13}},"type":"if","locations":[{"start":{"line":327,"column":12},"end":{"line":329,"column":13}},{"start":{},"end":{}}]}},"s":{"0":0,"1":0,"2":0,"3":0,"4":0,"5":0,"6":0,"7":0,"8":0,"9":0,"10":0,"11":0,"12":0,"13":0,"14":0,"15":0,"16":0,"17":0,"18":0,"19":0,"20":0,"21":0,"22":0,"23":0,"24":0,"25":0,"26":0,"27":0,"28":0,"29":0,"30":0,"31":0,"32":0,"33":0,"34":0,"35":0,"36":0,"37":0,"38":0,"39":0,"40":0,"41":0,"42":0,"43":0,"44":0,"45":0,"46":0,"47":0,"48":0,"49":0,"50":0,"51":0,"52":0,"53":0,"54":0,"55":0,"56":0,"57":0,"58":0,"59":0,"60":0,"61":0,"62":0,"63":0,"64":0,"65":0,"66":0,"67":0,"68":0,"69":0,"70":0,"71":0,"72":0,"73":0,"74":0,"75":0,"76":0,"77":0,"78":0,"79":0,"80":0,"81":0,"82":0,"83":0,"84":0,"85":0,"86":0,"87":0,"88":0,"89":0,"90":0,"91":0,"92":0,"93":0,"94":0,"95":0,"96":0,"97":0,"98":0,"99":0,"100":0,"101":0,"102":0,"103":0},"f":{"0":0,"1":0,"2":0,"3":0,"4":0,"5":0,"6":0,"7":0,"8":0,"9":0,"10":0,"11":0,"12":0,"13":0,"14":0,"15":0,"16":0,"17":0,"18":0,"19":0,"20":0,"21":0,"22":0,"23":0,"24":0,"25":0,"26":0,"27":0},"b":{"0":[0,0,0],"1":[0],"2":[0,0],"3":[0],"4":[0,0],"5":[0,0],"6":[0,0],"7":[0,0],"8":[0],"9":[0],"10":[0],"11":[0],"12":[0],"13":[0],"14":[0],"15":[0],"16":[0],"17":[0,0],"18":[0,0],"19":[0,0],"20":[0,0],"21":[0,0],"22":[0,0,0],"23":[0,0],"24":[0,0],"25":[0,0],"26":[0,0],"27":[0,0],"28":[0,0],"29":[0,0],"30":[0,0],"31":[0,0]}}
,"/Users/naoto.kato/Develop/otolab/coeiro-operator/src/say/speech-queue.ts": {"path":"/Users/naoto.kato/Develop/otolab/coeiro-operator/src/say/speech-queue.ts","statementMap":{"0":{"start":{"line":9,"column":40},"end":{"line":9,"column":42}},"1":{"start":{"line":10,"column":36},"end":{"line":10,"column":41}},"2":{"start":{"line":11,"column":36},"end":{"line":11,"column":46}},"3":{"start":{"line":13,"column":24},"end":{"line":13,"column":76}},"4":{"start":{"line":19,"column":23},"end":{"line":19,"column":43}},"5":{"start":{"line":20,"column":33},"end":{"line":25,"column":10}},"6":{"start":{"line":27,"column":8},"end":{"line":27,"column":36}},"7":{"start":{"line":28,"column":8},"end":{"line":28,"column":86}},"8":{"start":{"line":31,"column":8},"end":{"line":31,"column":28}},"9":{"start":{"line":33,"column":8},"end":{"line":37,"column":10}},"10":{"start":{"line":44,"column":8},"end":{"line":46,"column":9}},"11":{"start":{"line":45,"column":12},"end":{"line":45,"column":19}},"12":{"start":{"line":48,"column":8},"end":{"line":48,"column":133}},"13":{"start":{"line":50,"column":8},"end":{"line":52,"column":9}},"14":{"start":{"line":51,"column":12},"end":{"line":51,"column":19}},"15":{"start":{"line":54,"column":8},"end":{"line":54,"column":33}},"16":{"start":{"line":55,"column":8},"end":{"line":55,"column":56}},"17":{"start":{"line":57,"column":8},"end":{"line":68,"column":9}},"18":{"start":{"line":58,"column":25},"end":{"line":58,"column":49}},"19":{"start":{"line":59,"column":12},"end":{"line":59,"column":29}},"20":{"start":{"line":59,"column":23},"end":{"line":59,"column":29}},"21":{"start":{"line":61,"column":12},"end":{"line":61,"column":87}},"22":{"start":{"line":62,"column":12},"end":{"line":67,"column":13}},"23":{"start":{"line":63,"column":16},"end":{"line":63,"column":49}},"24":{"start":{"line":64,"column":16},"end":{"line":64,"column":53}},"25":{"start":{"line":66,"column":16},"end":{"line":66,"column":83}},"26":{"start":{"line":70,"column":8},"end":{"line":70,"column":34}},"27":{"start":{"line":77,"column":8},"end":{"line":81,"column":10}},"28":{"start":{"line":88,"column":8},"end":{"line":88,"column":30}},"29":{"start":{"line":89,"column":8},"end":{"line":89,"column":34}},"30":{"start":{"line":8,"column":0},"end":{"line":8,"column":13}}},"fnMap":{"0":{"name":"(anonymous_0)","decl":{"start":{"line":13,"column":4},"end":{"line":13,"column":24}},"loc":{"start":{"line":13,"column":76},"end":{"line":13,"column":80}}},"1":{"name":"(anonymous_1)","decl":{"start":{"line":18,"column":4},"end":{"line":18,"column":9}},"loc":{"start":{"line":18,"column":63},"end":{"line":38,"column":5}}},"2":{"name":"(anonymous_2)","decl":{"start":{"line":43,"column":12},"end":{"line":43,"column":17}},"loc":{"start":{"line":43,"column":30},"end":{"line":71,"column":5}}},"3":{"name":"(anonymous_3)","decl":{"start":{"line":76,"column":4},"end":{"line":76,"column":13}},"loc":{"start":{"line":76,"column":13},"end":{"line":82,"column":5}}},"4":{"name":"(anonymous_4)","decl":{"start":{"line":87,"column":4},"end":{"line":87,"column":9}},"loc":{"start":{"line":87,"column":9},"end":{"line":90,"column":5}}}},"branchMap":{"0":{"loc":{"start":{"line":18,"column":32},"end":{"line":18,"column":63}},"type":"default-arg","locations":[{"start":{"line":18,"column":61},"end":{"line":18,"column":63}}]},"1":{"loc":{"start":{"line":44,"column":8},"end":{"line":46,"column":9}},"type":"if","locations":[{"start":{"line":44,"column":8},"end":{"line":46,"column":9}},{"start":{},"end":{}}]},"2":{"loc":{"start":{"line":50,"column":8},"end":{"line":52,"column":9}},"type":"if","locations":[{"start":{"line":50,"column":8},"end":{"line":52,"column":9}},{"start":{},"end":{}}]},"3":{"loc":{"start":{"line":59,"column":12},"end":{"line":59,"column":29}},"type":"if","locations":[{"start":{"line":59,"column":12},"end":{"line":59,"column":29}},{"start":{},"end":{}}]},"4":{"loc":{"start":{"line":80,"column":24},"end":{"line":80,"column":55}},"type":"binary-expr","locations":[{"start":{"line":80,"column":24},"end":{"line":80,"column":47}},{"start":{"line":80,"column":51},"end":{"line":80,"column":55}}]}},"s":{"0":16,"1":16,"2":16,"3":16,"4":124,"5":124,"6":124,"7":124,"8":124,"9":124,"10":124,"11":1,"12":123,"13":123,"14":0,"15":123,"16":123,"17":123,"18":123,"19":123,"20":0,"21":123,"22":123,"23":123,"24":122,"25":1,"26":123,"27":12,"28":1,"29":1,"30":1},"f":{"0":16,"1":124,"2":124,"3":12,"4":1},"b":{"0":[1],"1":[1,123],"2":[0,123],"3":[0,123],"4":[12,12]}}
}
