TN:
SF:src/say/audio-player.ts
FN:13,(anonymous_0)
FN:28,(anonymous_1)
FN:40,(anonymous_2)
FN:49,(anonymous_3)
FN:50,(anonymous_4)
FN:51,(anonymous_5)
FN:65,(anonymous_6)
FN:83,(anonymous_7)
FN:94,(anonymous_8)
FN:122,(anonymous_9)
FN:143,(anonymous_10)
FN:144,(anonymous_11)
FN:152,(anonymous_12)
FN:156,(anonymous_13)
FN:160,(anonymous_14)
FN:168,(anonymous_15)
FNF:16
FNH:0
FNDA:0,(anonymous_0)
FNDA:0,(anonymous_1)
FNDA:0,(anonymous_2)
FNDA:0,(anonymous_3)
FNDA:0,(anonymous_4)
FNDA:0,(anonymous_5)
FNDA:0,(anonymous_6)
FNDA:0,(anonymous_7)
FNDA:0,(anonymous_8)
FNDA:0,(anonymous_9)
FNDA:0,(anonymous_10)
FNDA:0,(anonymous_11)
FNDA:0,(anonymous_12)
FNDA:0,(anonymous_13)
FNDA:0,(anonymous_14)
FNDA:0,(anonymous_15)
DA:11,0
DA:14,0
DA:16,0
DA:17,0
DA:18,0
DA:20,0
DA:21,0
DA:29,0
DA:30,0
DA:31,0
DA:33,0
DA:41,0
DA:42,0
DA:44,0
DA:46,0
DA:49,0
DA:50,0
DA:51,0
DA:55,0
DA:58,0
DA:66,0
DA:68,0
DA:69,0
DA:70,0
DA:71,0
DA:73,0
DA:77,0
DA:84,0
DA:85,0
DA:87,0
DA:95,0
DA:98,0
DA:99,0
DA:102,0
DA:103,0
DA:104,0
DA:105,0
DA:107,0
DA:109,0
DA:110,0
DA:113,0
DA:116,0
DA:125,0
DA:127,0
DA:128,0
DA:129,0
DA:130,0
DA:131,0
DA:132,0
DA:133,0
DA:137,0
DA:144,0
DA:145,0
DA:149,0
DA:150,0
DA:152,0
DA:153,0
DA:156,0
DA:157,0
DA:160,0
DA:161,0
DA:162,0
DA:164,0
DA:168,0
DA:169,0
LF:65
LH:0
BRDA:98,0,0,0
BRDA:98,0,1,0
BRDA:107,1,0,0
BRDA:107,1,1,0
BRDA:127,2,0,0
BRDA:127,2,1,0
BRDA:127,3,0,0
BRDA:127,3,1,0
BRDA:161,4,0,0
BRDA:161,4,1,0
BRF:10
BRH:0
end_of_record
TN:
SF:src/say/audio-synthesizer.ts
FN:25,(anonymous_0)
FN:30,(anonymous_1)
FN:46,(anonymous_2)
FN:61,(anonymous_3)
FN:63,(anonymous_4)
FN:77,(anonymous_5)
FN:103,(anonymous_6)
FN:118,(anonymous_7)
FN:119,(anonymous_8)
FN:125,(anonymous_9)
FN:195,(anonymous_10)
FN:206,(anonymous_11)
FN:218,(anonymous_12)
FNF:13
FNH:13
FNDA:28,(anonymous_0)
FNDA:3,(anonymous_1)
FNDA:2,(anonymous_2)
FNDA:2,(anonymous_3)
FNDA:3,(anonymous_4)
FNDA:8,(anonymous_5)
FNDA:45,(anonymous_6)
FNDA:32,(anonymous_7)
FNDA:31,(anonymous_8)
FNDA:1,(anonymous_9)
FNDA:5,(anonymous_10)
FNDA:3,(anonymous_11)
FNDA:4,(anonymous_12)
DA:15,1
DA:24,1
DA:25,28
DA:31,3
DA:33,3
DA:34,3
DA:37,2
DA:39,1
DA:47,2
DA:49,2
DA:50,2
DA:54,1
DA:55,0
DA:58,1
DA:59,1
DA:61,1
DA:62,2
DA:63,2
DA:64,3
DA:68,1
DA:69,1
DA:70,1
DA:78,8
DA:79,8
DA:80,8
DA:82,8
DA:83,35
DA:84,35
DA:86,35
DA:87,34
DA:97,8
DA:104,45
DA:108,45
DA:110,45
DA:112,11
DA:115,11
DA:116,11
DA:117,11
DA:118,32
DA:119,31
DA:121,11
DA:123,11
DA:125,1
DA:126,1
DA:128,10
DA:129,10
DA:131,0
DA:135,11
DA:136,0
DA:139,11
DA:144,34
DA:148,45
DA:149,45
DA:151,45
DA:164,45
DA:166,45
DA:167,45
DA:175,44
DA:176,1
DA:179,43
DA:180,43
DA:182,43
DA:188,2
DA:196,5
DA:197,5
DA:198,5
DA:199,5
DA:200,5
DA:207,3
DA:209,3
DA:210,27
DA:211,27
DA:219,4
DA:227,4
LF:74
LH:71
BRDA:54,0,0,0
BRDA:54,0,1,1
BRDA:86,1,0,34
BRDA:86,1,1,1
BRDA:92,2,0,29
BRDA:92,2,1,5
BRDA:110,3,0,11
BRDA:110,3,1,34
BRDA:110,4,0,45
BRDA:110,4,1,11
BRDA:115,5,0,11
BRDA:115,5,1,0
BRDA:117,6,0,11
BRDA:117,6,1,0
BRDA:121,7,0,11
BRDA:121,7,1,0
BRDA:123,8,0,1
BRDA:123,8,1,10
BRDA:123,8,2,0
BRDA:135,9,0,0
BRDA:135,9,1,11
BRDA:139,10,0,11
BRDA:139,10,1,0
BRDA:148,11,0,20
BRDA:148,11,1,25
BRDA:149,12,0,20
BRDA:149,12,1,25
BRDA:175,13,0,1
BRDA:175,13,1,43
BRDA:198,14,0,1
BRDA:198,14,1,4
BRDA:199,15,0,1
BRDA:199,15,1,4
BRF:33
BRH:26
end_of_record
TN:
SF:src/say/cli.ts
FN:24,(anonymous_0)
FN:28,(anonymous_1)
FN:55,(anonymous_2)
FN:119,(anonymous_3)
FN:152,(anonymous_4)
FN:170,(anonymous_5)
FN:175,(anonymous_6)
FN:181,main
FN:194,(anonymous_8)
FN:197,(anonymous_9)
FNF:10
FNH:0
FNDA:0,(anonymous_0)
FNDA:0,(anonymous_1)
FNDA:0,(anonymous_2)
FNDA:0,(anonymous_3)
FNDA:0,(anonymous_4)
FNDA:0,(anonymous_5)
FNDA:0,(anonymous_6)
FNDA:0,main
FNDA:0,(anonymous_8)
FNDA:0,(anonymous_9)
DA:25,0
DA:29,0
DA:56,0
DA:65,0
DA:66,0
DA:68,0
DA:71,0
DA:72,0
DA:75,0
DA:76,0
DA:77,0
DA:79,0
DA:80,0
DA:81,0
DA:85,0
DA:86,0
DA:87,0
DA:91,0
DA:92,0
DA:93,0
DA:97,0
DA:98,0
DA:99,0
DA:103,0
DA:104,0
DA:107,0
DA:108,0
DA:110,0
DA:112,0
DA:116,0
DA:120,0
DA:122,0
DA:123,0
DA:124,0
DA:125,0
DA:126,0
DA:128,0
DA:130,0
DA:131,0
DA:132,0
DA:134,0
DA:137,0
DA:138,0
DA:139,0
DA:140,0
DA:142,0
DA:145,0
DA:146,0
DA:149,0
DA:153,0
DA:154,0
DA:156,0
DA:163,0
DA:164,0
DA:170,0
DA:171,0
DA:172,0
DA:175,0
DA:176,0
DA:177,0
DA:182,0
DA:183,0
DA:185,0
DA:186,0
DA:188,0
DA:189,0
DA:193,0
DA:195,0
DA:199,0
DA:201,0
DA:203,0
DA:204,0
LF:72
LH:0
BRDA:57,0,0,0
BRDA:57,0,1,0
BRDA:68,1,0,0
BRDA:68,1,1,0
BRDA:68,1,2,0
BRDA:68,1,3,0
BRDA:68,1,4,0
BRDA:68,1,5,0
BRDA:68,1,6,0
BRDA:68,1,7,0
BRDA:68,1,8,0
BRDA:68,1,9,0
BRDA:68,1,10,0
BRDA:68,1,11,0
BRDA:75,2,0,0
BRDA:75,2,1,0
BRDA:107,3,0,0
BRDA:107,3,1,0
BRDA:110,4,0,0
BRDA:110,4,1,0
BRDA:122,5,0,0
BRDA:122,5,1,0
BRDA:123,6,0,0
BRDA:123,6,1,0
BRDA:137,7,0,0
BRDA:137,7,1,0
BRDA:145,8,0,0
BRDA:145,8,1,0
BRDA:157,9,0,0
BRDA:157,9,1,0
BRDA:159,10,0,0
BRDA:159,10,1,0
BRDA:163,11,0,0
BRDA:163,11,1,0
BRDA:199,12,0,0
BRDA:199,12,1,0
BRDA:199,13,0,0
BRDA:199,13,1,0
BRF:38
BRH:0
end_of_record
TN:
SF:src/say/index.ts
FN:48,getConfigDir
FN:75,getConfigPath
FN:83,loadConfig
FN:111,(anonymous_3)
FN:118,(anonymous_4)
FN:123,(anonymous_5)
FN:131,(anonymous_6)
FN:139,(anonymous_7)
FN:144,(anonymous_8)
FN:148,(anonymous_9)
FN:173,(anonymous_10)
FN:178,(anonymous_11)
FN:183,(anonymous_12)
FN:188,(anonymous_13)
FN:193,(anonymous_14)
FN:198,(anonymous_15)
FN:203,(anonymous_16)
FN:207,(anonymous_17)
FN:215,(anonymous_18)
FN:220,(anonymous_19)
FN:225,(anonymous_20)
FN:230,(anonymous_21)
FN:236,(anonymous_22)
FN:241,(anonymous_23)
FN:246,(anonymous_24)
FN:251,(anonymous_25)
FN:256,(anonymous_26)
FN:287,(anonymous_27)
FNF:28
FNH:0
FNDA:0,getConfigDir
FNDA:0,getConfigPath
FNDA:0,loadConfig
FNDA:0,(anonymous_3)
FNDA:0,(anonymous_4)
FNDA:0,(anonymous_5)
FNDA:0,(anonymous_6)
FNDA:0,(anonymous_7)
FNDA:0,(anonymous_8)
FNDA:0,(anonymous_9)
FNDA:0,(anonymous_10)
FNDA:0,(anonymous_11)
FNDA:0,(anonymous_12)
FNDA:0,(anonymous_13)
FNDA:0,(anonymous_14)
FNDA:0,(anonymous_15)
FNDA:0,(anonymous_16)
FNDA:0,(anonymous_17)
FNDA:0,(anonymous_18)
FNDA:0,(anonymous_19)
FNDA:0,(anonymous_20)
FNDA:0,(anonymous_21)
FNDA:0,(anonymous_22)
FNDA:0,(anonymous_23)
FNDA:0,(anonymous_24)
FNDA:0,(anonymous_25)
FNDA:0,(anonymous_26)
FNDA:0,(anonymous_27)
DA:26,0
DA:29,0
DA:36,0
DA:50,0
DA:52,0
DA:53,0
DA:54,0
DA:57,0
DA:58,0
DA:59,0
DA:60,0
DA:63,0
DA:64,0
DA:65,0
DA:67,0
DA:76,0
DA:77,0
DA:84,0
DA:85,0
DA:88,0
DA:89,0
DA:91,0
DA:94,0
DA:95,0
DA:96,0
DA:97,0
DA:99,0
DA:100,0
DA:112,0
DA:113,0
DA:114,0
DA:115,0
DA:118,0
DA:119,0
DA:124,0
DA:125,0
DA:127,0
DA:132,0
DA:133,0
DA:135,0
DA:140,0
DA:145,0
DA:149,0
DA:150,0
DA:152,0
DA:153,0
DA:156,0
DA:158,0
DA:159,0
DA:165,0
DA:167,0
DA:168,0
DA:174,0
DA:179,0
DA:184,0
DA:189,0
DA:194,0
DA:199,0
DA:204,0
DA:209,0
DA:210,0
DA:216,0
DA:221,0
DA:226,0
DA:231,0
DA:232,0
DA:237,0
DA:242,0
DA:247,0
DA:252,0
DA:263,0
DA:266,0
DA:267,0
DA:269,0
DA:270,0
DA:271,0
DA:274,0
DA:279,0
DA:280,0
DA:284,0
DA:285,0
DA:286,0
DA:287,0
DA:289,0
DA:291,0
DA:296,0
DA:301,0
DA:306,0
DA:307,0
DA:310,0
DA:312,0
DA:314,0
DA:315,0
DA:316,0
DA:317,0
DA:319,0
DA:320,0
DA:323,0
DA:324,0
DA:327,0
DA:328,0
DA:331,0
DA:332,0
DA:333,0
LF:104
LH:0
BRDA:50,0,0,0
BRDA:50,0,1,0
BRDA:50,0,2,0
BRDA:83,1,0,0
BRDA:84,2,0,0
BRDA:84,2,1,0
BRDA:111,3,0,0
BRDA:112,4,0,0
BRDA:112,4,1,0
BRDA:152,5,0,0
BRDA:152,5,1,0
BRDA:158,6,0,0
BRDA:158,6,1,0
BRDA:158,7,0,0
BRDA:158,7,1,0
BRDA:230,8,0,0
BRDA:246,9,0,0
BRDA:251,10,0,0
BRDA:256,11,0,0
BRDA:258,12,0,0
BRDA:259,13,0,0
BRDA:260,14,0,0
BRDA:261,15,0,0
BRDA:262,16,0,0
BRDA:267,17,0,0
BRDA:267,17,1,0
BRDA:270,18,0,0
BRDA:270,18,1,0
BRDA:274,19,0,0
BRDA:274,19,1,0
BRDA:279,20,0,0
BRDA:279,20,1,0
BRDA:284,21,0,0
BRDA:284,21,1,0
BRDA:284,22,0,0
BRDA:284,22,1,0
BRDA:284,22,2,0
BRDA:286,23,0,0
BRDA:286,23,1,0
BRDA:287,24,0,0
BRDA:287,24,1,0
BRDA:289,25,0,0
BRDA:289,25,1,0
BRDA:306,26,0,0
BRDA:306,26,1,0
BRDA:312,27,0,0
BRDA:312,27,1,0
BRDA:317,28,0,0
BRDA:317,28,1,0
BRDA:317,29,0,0
BRDA:317,29,1,0
BRDA:319,30,0,0
BRDA:319,30,1,0
BRDA:327,31,0,0
BRDA:327,31,1,0
BRF:55
BRH:0
end_of_record
TN:
SF:src/say/speech-queue.ts
FN:13,(anonymous_0)
FN:18,(anonymous_1)
FN:43,(anonymous_2)
FN:76,(anonymous_3)
FN:87,(anonymous_4)
FNF:5
FNH:5
FNDA:16,(anonymous_0)
FNDA:124,(anonymous_1)
FNDA:124,(anonymous_2)
FNDA:12,(anonymous_3)
FNDA:1,(anonymous_4)
DA:8,1
DA:9,16
DA:10,16
DA:11,16
DA:13,16
DA:19,124
DA:20,124
DA:27,124
DA:28,124
DA:31,124
DA:33,124
DA:44,124
DA:45,1
DA:48,123
DA:50,123
DA:51,0
DA:54,123
DA:55,123
DA:57,123
DA:58,123
DA:59,123
DA:61,123
DA:62,123
DA:63,123
DA:64,122
DA:66,1
DA:70,123
DA:77,12
DA:88,1
DA:89,1
LF:30
LH:29
BRDA:18,0,0,1
BRDA:44,1,0,1
BRDA:44,1,1,123
BRDA:50,2,0,0
BRDA:50,2,1,123
BRDA:59,3,0,0
BRDA:59,3,1,123
BRDA:80,4,0,12
BRDA:80,4,1,12
BRF:9
BRH:7
end_of_record
